<?xml version="1.0" encoding="UTF-8"?>
<!-- Generated by org.testng.reporters.JUnitXMLReporter -->
<testsuite hostname="MIS" ignored="0" name="Test" tests="2" failures="2" timestamp="05 May 2017 11:46:34 GMT" time="0.23" errors="0">
  <testcase name="verifyHomePageTitle" time="0.205" classname="ExtentReportTest.JamesA.AppTest">
    <failure type="java.lang.IllegalStateException" message="The driver executable does not exist: C:\Users\ewomack\Desktop\java\selenium\geckodriver.exe">
      <![CDATA[java.lang.IllegalStateException: The driver executable does not exist: C:\Users\ewomack\Desktop\java\selenium\geckodriver.exe
	at com.google.common.base.Preconditions.checkState(Preconditions.java:199)
	at org.openqa.selenium.remote.service.DriverService.checkExecutable(DriverService.java:121)
	at org.openqa.selenium.remote.service.DriverService.findExecutable(DriverService.java:116)
	at org.openqa.selenium.firefox.GeckoDriverService.access$000(GeckoDriverService.java:37)
	at org.openqa.selenium.firefox.GeckoDriverService$Builder.findDefaultExecutable(GeckoDriverService.java:95)
	at org.openqa.selenium.remote.service.DriverService$Builder.build(DriverService.java:296)
	at org.openqa.selenium.firefox.FirefoxDriver.createCommandExecutor(FirefoxDriver.java:277)
	at org.openqa.selenium.firefox.FirefoxDriver.<init>(FirefoxDriver.java:247)
	at org.openqa.selenium.firefox.FirefoxDriver.<init>(FirefoxDriver.java:242)
	at org.openqa.selenium.firefox.FirefoxDriver.<init>(FirefoxDriver.java:238)
	at org.openqa.selenium.firefox.FirefoxDriver.<init>(FirefoxDriver.java:127)
	at ExtentReportTest.JamesA.AppTest.verifyHomePageTitle(AppTest.java:35)
... Removed 25 stack frames]]>
    </failure>
  </testcase> <!-- verifyHomePageTitle -->
  <testcase name="verifyLogo" time="0.002" classname="ExtentReportTest.JamesA.AppTest">
    <failure type="java.lang.NullPointerException">
      <![CDATA[java.lang.NullPointerException
	at ExtentReportTest.JamesA.AppTest.verifyLogo(AppTest.java:58)
... Removed 25 stack frames]]>
    </failure>
  </testcase> <!-- verifyLogo -->
</testsuite> <!-- Test -->
